<?xml version='1.0' encoding='UTF-8'?>
<testsuite hostname="DESKTOP-5B0L8DV" name="SensorStatisticsTest" tests="4" errors="0" failures="0" skipped="0" time="0.984" timestamp="2023-01-27T16:50:20">
          <properties>
      <property name="java.specification.version" value="17"/><property name="sun.cpu.isalist" value="amd64"/><property name="sun.jnu.encoding" value="Cp1252"/><property name="sun.arch.data.model" value="64"/><property name="java.vendor.url" value="https://java.oracle.com/"/><property name="jline.terminal" value="unix"/><property name="sun.boot.library.path" value="C:\Program Files\Java\jdk-17.0.3\bin"/><property name="sun.java.command" value="C:\Program Files (x86)\sbt\bin\sbt-launch.jar test"/><property name="jdk.debug" value="release"/><property name="java.specification.vendor" value="Oracle Corporation"/><property name="java.version.date" value="2022-04-19"/><property name="java.home" value="C:\Program Files\Java\jdk-17.0.3"/><property name="file.separator" value="\"/><property name="java.vm.compressedOopsMode" value="32-bit"/><property name="line.separator" value="
"/><property name="java.vm.specification.vendor" value="Oracle Corporation"/><property name="java.specification.name" value="Java Platform API Specification"/><property name="user.script" value=""/><property name="sun.management.compiler" value="HotSpot 64-Bit Tiered Compilers"/><property name="java.runtime.version" value="17.0.3+8-LTS-111"/><property name="user.name" value="dell"/><property name="log4j.ignoreTCL" value="true"/><property name="file.encoding" value="UTF-8"/><property name="jnidispatch.path" value="C:\Users\dell\AppData\Local\Temp\jna-3079617\jna2139408943866767801.dll"/><property name="jna.loaded" value="true"/><property name="java.io.tmpdir" value="C:\Users\dell\AppData\Local\Temp\"/><property name="java.version" value="17.0.3"/><property name="java.vm.specification.name" value="Java Virtual Machine Specification"/><property name="sun.os.patch.level" value=""/><property name="native.encoding" value="Cp1252"/><property name="java.library.path" value="C:\Program Files\Java\jdk-17.0.3\bin;C:\WINDOWS\Sun\Java\bin;C:\WINDOWS\system32;C:\WINDOWS;C:\Users\dell\bin;C:\Program Files\Git\mingw64\bin;C:\Program Files\Git\usr\local\bin;C:\Program Files\Git\usr\bin;C:\Program Files\Git\usr\bin;C:\Program Files\Git\mingw64\bin;C:\Program Files\Git\usr\bin;C:\Users\dell\bin;C:\Python310\Scripts;C:\Python310;C:\Program Files\Common Files\Oracle\Java\javapath;C:\Program Files (x86)\Common Files\Oracle\Java\javapath;C:\Windows\system32;C:\Windows;C:\Windows\System32\Wbem;C:\Windows\System32\WindowsPowerShell\v1.0;C:\Windows\System32\OpenSSH;C:\Program Files (x86)\NVIDIA Corporation\PhysX\Common;C:\Program Files\NVIDIA Corporation\NVIDIA NvDLISR;C:\xampp\php;C:\ProgramData\ComposerSetup\bin;C:\ProgramData\chocolatey\bin;C:\Program Files\PuTTY;C:\Program Files\Java\jdk-14.0.1\bin;C:\xampp\mysql\bin;C:\Users\dell\AppData\Local\Programs\Python\Python39;C:\WINDOWS\system32;C:\WINDOWS;C:\WINDOWS\System32\Wbem;C:\WINDOWS\System32\WindowsPowerShell\v1.0;C:\WINDOWS\System32\OpenSSH;C:\Program Files\Git\cmd;C:\Program Files\Docker\Docker\resources\bin;C:\ProgramData\DockerDesktop\version-bin;C:\Program Files\dotnet;C:\Users\dell\Documents\APPS\openjdk-17.0.2_windows-x64_bin\jdk-17.0.2\bin;C:\Program Files\Java\jdk-17.0.3\bin;C:\kube;C:\minikube;C:\Program Files\TortoiseGit\bin;C:\Program Files\nodejs;C:\Program Files (x86)\sbt\bin;C:\Users\dell\AppData\Local\Microsoft\WindowsApps;C:\Users\dell\AppData\Local\Programs\Microsoft VS Code\bin;C:\Program Files\JetBrains\PyCharm 2019.3.3\bin;C:\Users\dell\AppData\Roaming\Composer\vendor\bin;C:\Program Files\Java\jdk-17.0.3\bin;C:\xampp\mysql\bin;C:\Users\dell\AppData\Local\GitHubDesktop\bin;C:\Program Files\JetBrains\IntelliJ IDEA Community Edition 2020.3\bin;C:\Users\dell\AppData\Local\Programs\Python\Python39;C:\Users\dell\AppData\Local\JetBrains\IntelliJ IDEA 2020.2.4\bin;C:\Program Files\heroku\bin;C:\Users\dell\AppData\Local\Microsoft\WindowsApps;C:\Users\dell\AppData\Roaming\npm;C:\Users\dell\AppData\Local\Coursier\data\bin;C:\Program Files\Git\usr\bin\vendor_perl;C:\Program Files\Git\usr\bin\core_perl;."/><property name="java.vendor" value="Oracle Corporation"/><property name="scala.ext.dirs" value="C:\Users\dell\.sbt\1.0\java9-rt-ext-oracle_corporation_17_0_3"/><property name="sun.io.unicode.encoding" value="UnicodeLittle"/><property name="java.class.path" value="C:\Program Files (x86)\sbt\bin\sbt-launch.jar"/><property name="java.vm.vendor" value="Oracle Corporation"/><property name="user.variant" value=""/><property name="jline.shutdownhook" value="false"/><property name="user.timezone" value="Africa/Lagos"/><property name="java.vm.specification.version" value="17"/><property name="os.name" value="Windows 10"/><property name="sun.java.launcher" value="SUN_STANDARD"/><property name="user.country" value="US"/><property name="sun.cpu.endian" value="little"/><property name="user.home" value="C:\Users\dell"/><property name="user.language" value="en"/><property name="sbt.script" value="C:/Program%20Files (x86)/sbt/bin/sbt"/><property name="sbt.ipcsocket.tmpdir" value="C:\Users\dell\AppData\Local\Temp\.sbt4b7ebf37\ipcsocket"/><property name="swoval.tmpdir" value="C:\Users\dell\AppData\Local\Temp\.sbt4b7ebf37\swoval"/><property name="jline.esc.timeout" value="0"/><property name="path.separator" value=";"/><property name="os.version" value="10.0"/><property name="jna.nosys" value="true"/><property name="java.runtime.name" value="Java(TM) SE Runtime Environment"/><property name="java.vm.name" value="Java HotSpot(TM) 64-Bit Server VM"/><property name="java.vendor.url.bug" value="https://bugreport.java.com/bugreport/"/><property name="user.dir" value="C:\Users\dell\Documents\Scala\sensor-statistics"/><property name="os.arch" value="amd64"/><property name="java.vm.info" value="mixed mode, sharing"/><property name="sbt.cygwin" value="true"/><property name="java.vm.version" value="17.0.3+8-LTS-111"/><property name="java.class.version" value="61.0"/>
    </properties>
          <testcase classname="SensorStatisticsTest" name="getCSVFiles should return an array of CSV files in the given directory" time="0.955">
                      
                    </testcase><testcase classname="SensorStatisticsTest" name="getCSVFiles should return null if the given path is not a valid directory" time="0.007">
                      
                    </testcase><testcase classname="SensorStatisticsTest" name="getCSVFiles should return null if there are no CSV files in the given directory" time="0.003">
                      
                    </testcase><testcase classname="SensorStatisticsTest" name="doStatistics should return correct statistics for sensor data" time="0.019">
                      
                    </testcase>
          <system-out><![CDATA[]]></system-out>
          <system-err><![CDATA[]]></system-err>
        </testsuite>